<?xml version="1.0" encoding="UTF-8"?>
<testsuite xmlns:xsi="http://www.w3.org/2001/XMLSchema-instance" xsi:noNamespaceSchemaLocation="https://maven.apache.org/surefire/maven-surefire-plugin/xsd/surefire-test-report-3.0.xsd" version="3.0" name="drools.project.RuleTest" time="2.033" tests="1" errors="1" skipped="0" failures="0">
  <properties>
    <property name="java.specification.version" value="21"/>
    <property name="sun.jnu.encoding" value="UTF-8"/>
    <property name="java.class.path" value="/Users/gbuckholtz/git/dmnSpaceError/drools-project/target/test-classes:/Users/gbuckholtz/git/dmnSpaceError/drools-project/target/classes:/Users/gbuckholtz/.m2/repository/org/kie/kie-dmn-core/8.44.0.Final/kie-dmn-core-8.44.0.Final.jar:/Users/gbuckholtz/.m2/repository/org/kie/kie-dmn-api/8.44.0.Final/kie-dmn-api-8.44.0.Final.jar:/Users/gbuckholtz/.m2/repository/org/kie/efesto-common-api/8.44.0.Final/efesto-common-api-8.44.0.Final.jar:/Users/gbuckholtz/.m2/repository/org/kie/kie-dmn-model/8.44.0.Final/kie-dmn-model-8.44.0.Final.jar:/Users/gbuckholtz/.m2/repository/org/kie/kie-dmn-backend/8.44.0.Final/kie-dmn-backend-8.44.0.Final.jar:/Users/gbuckholtz/.m2/repository/org/kie/kie-dmn-feel/8.44.0.Final/kie-dmn-feel-8.44.0.Final.jar:/Users/gbuckholtz/.m2/repository/ch/obermuhlner/big-math/2.0.1/big-math-2.0.1.jar:/Users/gbuckholtz/.m2/repository/org/kie/kie-api/8.44.0.Final/kie-api-8.44.0.Final.jar:/Users/gbuckholtz/.m2/repository/org/kie/kie-internal/8.44.0.Final/kie-internal-8.44.0.Final.jar:/Users/gbuckholtz/.m2/repository/org/kie/kie-memory-compiler/8.44.0.Final/kie-memory-compiler-8.44.0.Final.jar:/Users/gbuckholtz/.m2/repository/org/drools/drools-util/8.44.0.Final/drools-util-8.44.0.Final.jar:/Users/gbuckholtz/.m2/repository/org/drools/drools-wiring-api/8.44.0.Final/drools-wiring-api-8.44.0.Final.jar:/Users/gbuckholtz/.m2/repository/org/drools/drools-core/8.44.0.Final/drools-core-8.44.0.Final.jar:/Users/gbuckholtz/.m2/repository/org/drools/drools-base/8.44.0.Final/drools-base-8.44.0.Final.jar:/Users/gbuckholtz/.m2/repository/org/drools/drools-wiring-static/8.44.0.Final/drools-wiring-static-8.44.0.Final.jar:/Users/gbuckholtz/.m2/repository/org/drools/drools-io/8.44.0.Final/drools-io-8.44.0.Final.jar:/Users/gbuckholtz/.m2/repository/org/drools/drools-compiler/8.44.0.Final/drools-compiler-8.44.0.Final.jar:/Users/gbuckholtz/.m2/repository/org/drools/drools-drl-parser/8.44.0.Final/drools-drl-parser-8.44.0.Final.jar:/Users/gbuckholtz/.m2/repository/org/drools/drools-drl-extensions/8.44.0.Final/drools-drl-extensions-8.44.0.Final.jar:/Users/gbuckholtz/.m2/repository/org/drools/drools-drl-ast/8.44.0.Final/drools-drl-ast-8.44.0.Final.jar:/Users/gbuckholtz/.m2/repository/org/drools/drools-kiesession/8.44.0.Final/drools-kiesession-8.44.0.Final.jar:/Users/gbuckholtz/.m2/repository/org/drools/drools-ecj/8.44.0.Final/drools-ecj-8.44.0.Final.jar:/Users/gbuckholtz/.m2/repository/org/eclipse/jdt/ecj/3.33.0/ecj-3.33.0.jar:/Users/gbuckholtz/.m2/repository/org/antlr/antlr-runtime/3.5.2/antlr-runtime-3.5.2.jar:/Users/gbuckholtz/.m2/repository/org/drools/drools-canonical-model/8.44.0.Final/drools-canonical-model-8.44.0.Final.jar:/Users/gbuckholtz/.m2/repository/com/github/javaparser/javaparser-core/3.24.2/javaparser-core-3.24.2.jar:/Users/gbuckholtz/.m2/repository/org/drools/drools-mvel-parser/8.44.0.Final/drools-mvel-parser-8.44.0.Final.jar:/Users/gbuckholtz/.m2/repository/org/drools/drools-alphanetwork-compiler/8.44.0.Final/drools-alphanetwork-compiler-8.44.0.Final.jar:/Users/gbuckholtz/.m2/repository/org/drools/drools-model-codegen/8.44.0.Final/drools-model-codegen-8.44.0.Final.jar:/Users/gbuckholtz/.m2/repository/org/drools/drools-codegen-common/8.44.0.Final/drools-codegen-common-8.44.0.Final.jar:/Users/gbuckholtz/.m2/repository/org/drools/drools-mvel-compiler/8.44.0.Final/drools-mvel-compiler-8.44.0.Final.jar:/Users/gbuckholtz/.m2/repository/org/kie/efesto-compilation-manager-core/8.44.0.Final/efesto-compilation-manager-core-8.44.0.Final.jar:/Users/gbuckholtz/.m2/repository/org/kie/efesto-compilation-manager-api/8.44.0.Final/efesto-compilation-manager-api-8.44.0.Final.jar:/Users/gbuckholtz/.m2/repository/org/kie/efesto-common-core/8.44.0.Final/efesto-common-core-8.44.0.Final.jar:/Users/gbuckholtz/.m2/repository/org/kie/efesto-runtime-manager-core/8.44.0.Final/efesto-runtime-manager-core-8.44.0.Final.jar:/Users/gbuckholtz/.m2/repository/org/kie/efesto-runtime-manager-api/8.44.0.Final/efesto-runtime-manager-api-8.44.0.Final.jar:/Users/gbuckholtz/.m2/repository/org/kie/efesto-common-utils/8.44.0.Final/efesto-common-utils-8.44.0.Final.jar:/Users/gbuckholtz/.m2/repository/org/slf4j/slf4j-api/1.7.30/slf4j-api-1.7.30.jar:/Users/gbuckholtz/.m2/repository/org/antlr/antlr4-runtime/4.10.1/antlr4-runtime-4.10.1.jar:/Users/gbuckholtz/.m2/repository/org/jpmml/pmml-model/1.5.1/pmml-model-1.5.1.jar:/Users/gbuckholtz/.m2/repository/org/jpmml/pmml-agent/1.5.1/pmml-agent-1.5.1.jar:/Users/gbuckholtz/.m2/repository/org/drools/drools-xml-support/8.44.0.Final/drools-xml-support-8.44.0.Final.jar:/Users/gbuckholtz/.m2/repository/com/thoughtworks/xstream/xstream/1.4.20/xstream-1.4.20.jar:/Users/gbuckholtz/.m2/repository/io/github/x-stream/mxparser/1.2.2/mxparser-1.2.2.jar:/Users/gbuckholtz/.m2/repository/xmlpull/xmlpull/1.1.3.1/xmlpull-1.1.3.1.jar:/Users/gbuckholtz/.m2/repository/org/kie/kie-util-xml/8.44.0.Final/kie-util-xml-8.44.0.Final.jar:/Users/gbuckholtz/.m2/repository/org/drools/drools-commands/8.44.0.Final/drools-commands-8.44.0.Final.jar:/Users/gbuckholtz/.m2/repository/commons-codec/commons-codec/1.15/commons-codec-1.15.jar:/Users/gbuckholtz/.m2/repository/org/drools/drools-model-compiler/8.44.0.Final/drools-model-compiler-8.44.0.Final.jar:/Users/gbuckholtz/.m2/repository/org/kie/kie-util-maven-support/8.44.0.Final/kie-util-maven-support-8.44.0.Final.jar:/Users/gbuckholtz/.m2/repository/junit/junit/4.13.1/junit-4.13.1.jar:/Users/gbuckholtz/.m2/repository/org/hamcrest/hamcrest-core/1.3/hamcrest-core-1.3.jar:/Users/gbuckholtz/.m2/repository/org/drools/drools-scenario-simulation-backend/8.44.0.Final/drools-scenario-simulation-backend-8.44.0.Final.jar:/Users/gbuckholtz/.m2/repository/org/drools/drools-scenario-simulation-api/8.44.0.Final/drools-scenario-simulation-api-8.44.0.Final.jar:/Users/gbuckholtz/.m2/repository/com/fasterxml/jackson/core/jackson-databind/2.15.2/jackson-databind-2.15.2.jar:/Users/gbuckholtz/.m2/repository/com/fasterxml/jackson/core/jackson-annotations/2.15.2/jackson-annotations-2.15.2.jar:/Users/gbuckholtz/.m2/repository/com/fasterxml/jackson/core/jackson-core/2.15.2/jackson-core-2.15.2.jar:/Users/gbuckholtz/.m2/repository/org/drools/drools-mvel/8.44.0.Final/drools-mvel-8.44.0.Final.jar:/Users/gbuckholtz/.m2/repository/org/drools/drools-wiring-dynamic/8.44.0.Final/drools-wiring-dynamic-8.44.0.Final.jar:/Users/gbuckholtz/.m2/repository/org/mvel/mvel2/2.5.0.Final/mvel2-2.5.0.Final.jar:/Users/gbuckholtz/.m2/repository/ch/qos/logback/logback-classic/1.2.9/logback-classic-1.2.9.jar:/Users/gbuckholtz/.m2/repository/ch/qos/logback/logback-core/1.2.9/logback-core-1.2.9.jar:"/>
    <property name="java.vm.vendor" value="Homebrew"/>
    <property name="sun.arch.data.model" value="64"/>
    <property name="java.vendor.url" value="https://github.com/Homebrew/homebrew-core/issues"/>
    <property name="os.name" value="Mac OS X"/>
    <property name="java.vm.specification.version" value="21"/>
    <property name="sun.java.launcher" value="SUN_STANDARD"/>
    <property name="user.country" value="CA"/>
    <property name="sun.boot.library.path" value="/usr/local/Cellar/openjdk/21.0.1/libexec/openjdk.jdk/Contents/Home/lib"/>
    <property name="sun.java.command" value="/Users/gbuckholtz/git/dmnSpaceError/drools-project/target/surefire/surefirebooter-20240123121556316_3.jar /Users/gbuckholtz/git/dmnSpaceError/drools-project/target/surefire 2024-01-23T12-15-56_215-jvmRun1 surefire-20240123121556316_1tmp surefire_0-20240123121556316_2tmp"/>
    <property name="http.nonProxyHosts" value="local|*.local|169.254/16|*.169.254/16"/>
    <property name="jdk.debug" value="release"/>
    <property name="surefire.test.class.path" value="/Users/gbuckholtz/git/dmnSpaceError/drools-project/target/test-classes:/Users/gbuckholtz/git/dmnSpaceError/drools-project/target/classes:/Users/gbuckholtz/.m2/repository/org/kie/kie-dmn-core/8.44.0.Final/kie-dmn-core-8.44.0.Final.jar:/Users/gbuckholtz/.m2/repository/org/kie/kie-dmn-api/8.44.0.Final/kie-dmn-api-8.44.0.Final.jar:/Users/gbuckholtz/.m2/repository/org/kie/efesto-common-api/8.44.0.Final/efesto-common-api-8.44.0.Final.jar:/Users/gbuckholtz/.m2/repository/org/kie/kie-dmn-model/8.44.0.Final/kie-dmn-model-8.44.0.Final.jar:/Users/gbuckholtz/.m2/repository/org/kie/kie-dmn-backend/8.44.0.Final/kie-dmn-backend-8.44.0.Final.jar:/Users/gbuckholtz/.m2/repository/org/kie/kie-dmn-feel/8.44.0.Final/kie-dmn-feel-8.44.0.Final.jar:/Users/gbuckholtz/.m2/repository/ch/obermuhlner/big-math/2.0.1/big-math-2.0.1.jar:/Users/gbuckholtz/.m2/repository/org/kie/kie-api/8.44.0.Final/kie-api-8.44.0.Final.jar:/Users/gbuckholtz/.m2/repository/org/kie/kie-internal/8.44.0.Final/kie-internal-8.44.0.Final.jar:/Users/gbuckholtz/.m2/repository/org/kie/kie-memory-compiler/8.44.0.Final/kie-memory-compiler-8.44.0.Final.jar:/Users/gbuckholtz/.m2/repository/org/drools/drools-util/8.44.0.Final/drools-util-8.44.0.Final.jar:/Users/gbuckholtz/.m2/repository/org/drools/drools-wiring-api/8.44.0.Final/drools-wiring-api-8.44.0.Final.jar:/Users/gbuckholtz/.m2/repository/org/drools/drools-core/8.44.0.Final/drools-core-8.44.0.Final.jar:/Users/gbuckholtz/.m2/repository/org/drools/drools-base/8.44.0.Final/drools-base-8.44.0.Final.jar:/Users/gbuckholtz/.m2/repository/org/drools/drools-wiring-static/8.44.0.Final/drools-wiring-static-8.44.0.Final.jar:/Users/gbuckholtz/.m2/repository/org/drools/drools-io/8.44.0.Final/drools-io-8.44.0.Final.jar:/Users/gbuckholtz/.m2/repository/org/drools/drools-compiler/8.44.0.Final/drools-compiler-8.44.0.Final.jar:/Users/gbuckholtz/.m2/repository/org/drools/drools-drl-parser/8.44.0.Final/drools-drl-parser-8.44.0.Final.jar:/Users/gbuckholtz/.m2/repository/org/drools/drools-drl-extensions/8.44.0.Final/drools-drl-extensions-8.44.0.Final.jar:/Users/gbuckholtz/.m2/repository/org/drools/drools-drl-ast/8.44.0.Final/drools-drl-ast-8.44.0.Final.jar:/Users/gbuckholtz/.m2/repository/org/drools/drools-kiesession/8.44.0.Final/drools-kiesession-8.44.0.Final.jar:/Users/gbuckholtz/.m2/repository/org/drools/drools-ecj/8.44.0.Final/drools-ecj-8.44.0.Final.jar:/Users/gbuckholtz/.m2/repository/org/eclipse/jdt/ecj/3.33.0/ecj-3.33.0.jar:/Users/gbuckholtz/.m2/repository/org/antlr/antlr-runtime/3.5.2/antlr-runtime-3.5.2.jar:/Users/gbuckholtz/.m2/repository/org/drools/drools-canonical-model/8.44.0.Final/drools-canonical-model-8.44.0.Final.jar:/Users/gbuckholtz/.m2/repository/com/github/javaparser/javaparser-core/3.24.2/javaparser-core-3.24.2.jar:/Users/gbuckholtz/.m2/repository/org/drools/drools-mvel-parser/8.44.0.Final/drools-mvel-parser-8.44.0.Final.jar:/Users/gbuckholtz/.m2/repository/org/drools/drools-alphanetwork-compiler/8.44.0.Final/drools-alphanetwork-compiler-8.44.0.Final.jar:/Users/gbuckholtz/.m2/repository/org/drools/drools-model-codegen/8.44.0.Final/drools-model-codegen-8.44.0.Final.jar:/Users/gbuckholtz/.m2/repository/org/drools/drools-codegen-common/8.44.0.Final/drools-codegen-common-8.44.0.Final.jar:/Users/gbuckholtz/.m2/repository/org/drools/drools-mvel-compiler/8.44.0.Final/drools-mvel-compiler-8.44.0.Final.jar:/Users/gbuckholtz/.m2/repository/org/kie/efesto-compilation-manager-core/8.44.0.Final/efesto-compilation-manager-core-8.44.0.Final.jar:/Users/gbuckholtz/.m2/repository/org/kie/efesto-compilation-manager-api/8.44.0.Final/efesto-compilation-manager-api-8.44.0.Final.jar:/Users/gbuckholtz/.m2/repository/org/kie/efesto-common-core/8.44.0.Final/efesto-common-core-8.44.0.Final.jar:/Users/gbuckholtz/.m2/repository/org/kie/efesto-runtime-manager-core/8.44.0.Final/efesto-runtime-manager-core-8.44.0.Final.jar:/Users/gbuckholtz/.m2/repository/org/kie/efesto-runtime-manager-api/8.44.0.Final/efesto-runtime-manager-api-8.44.0.Final.jar:/Users/gbuckholtz/.m2/repository/org/kie/efesto-common-utils/8.44.0.Final/efesto-common-utils-8.44.0.Final.jar:/Users/gbuckholtz/.m2/repository/org/slf4j/slf4j-api/1.7.30/slf4j-api-1.7.30.jar:/Users/gbuckholtz/.m2/repository/org/antlr/antlr4-runtime/4.10.1/antlr4-runtime-4.10.1.jar:/Users/gbuckholtz/.m2/repository/org/jpmml/pmml-model/1.5.1/pmml-model-1.5.1.jar:/Users/gbuckholtz/.m2/repository/org/jpmml/pmml-agent/1.5.1/pmml-agent-1.5.1.jar:/Users/gbuckholtz/.m2/repository/org/drools/drools-xml-support/8.44.0.Final/drools-xml-support-8.44.0.Final.jar:/Users/gbuckholtz/.m2/repository/com/thoughtworks/xstream/xstream/1.4.20/xstream-1.4.20.jar:/Users/gbuckholtz/.m2/repository/io/github/x-stream/mxparser/1.2.2/mxparser-1.2.2.jar:/Users/gbuckholtz/.m2/repository/xmlpull/xmlpull/1.1.3.1/xmlpull-1.1.3.1.jar:/Users/gbuckholtz/.m2/repository/org/kie/kie-util-xml/8.44.0.Final/kie-util-xml-8.44.0.Final.jar:/Users/gbuckholtz/.m2/repository/org/drools/drools-commands/8.44.0.Final/drools-commands-8.44.0.Final.jar:/Users/gbuckholtz/.m2/repository/commons-codec/commons-codec/1.15/commons-codec-1.15.jar:/Users/gbuckholtz/.m2/repository/org/drools/drools-model-compiler/8.44.0.Final/drools-model-compiler-8.44.0.Final.jar:/Users/gbuckholtz/.m2/repository/org/kie/kie-util-maven-support/8.44.0.Final/kie-util-maven-support-8.44.0.Final.jar:/Users/gbuckholtz/.m2/repository/junit/junit/4.13.1/junit-4.13.1.jar:/Users/gbuckholtz/.m2/repository/org/hamcrest/hamcrest-core/1.3/hamcrest-core-1.3.jar:/Users/gbuckholtz/.m2/repository/org/drools/drools-scenario-simulation-backend/8.44.0.Final/drools-scenario-simulation-backend-8.44.0.Final.jar:/Users/gbuckholtz/.m2/repository/org/drools/drools-scenario-simulation-api/8.44.0.Final/drools-scenario-simulation-api-8.44.0.Final.jar:/Users/gbuckholtz/.m2/repository/com/fasterxml/jackson/core/jackson-databind/2.15.2/jackson-databind-2.15.2.jar:/Users/gbuckholtz/.m2/repository/com/fasterxml/jackson/core/jackson-annotations/2.15.2/jackson-annotations-2.15.2.jar:/Users/gbuckholtz/.m2/repository/com/fasterxml/jackson/core/jackson-core/2.15.2/jackson-core-2.15.2.jar:/Users/gbuckholtz/.m2/repository/org/drools/drools-mvel/8.44.0.Final/drools-mvel-8.44.0.Final.jar:/Users/gbuckholtz/.m2/repository/org/drools/drools-wiring-dynamic/8.44.0.Final/drools-wiring-dynamic-8.44.0.Final.jar:/Users/gbuckholtz/.m2/repository/org/mvel/mvel2/2.5.0.Final/mvel2-2.5.0.Final.jar:/Users/gbuckholtz/.m2/repository/ch/qos/logback/logback-classic/1.2.9/logback-classic-1.2.9.jar:/Users/gbuckholtz/.m2/repository/ch/qos/logback/logback-core/1.2.9/logback-core-1.2.9.jar:"/>
    <property name="sun.cpu.endian" value="little"/>
    <property name="user.home" value="/Users/gbuckholtz"/>
    <property name="user.language" value="en"/>
    <property name="java.specification.vendor" value="Oracle Corporation"/>
    <property name="java.version.date" value="2023-10-17"/>
    <property name="java.home" value="/usr/local/Cellar/openjdk/21.0.1/libexec/openjdk.jdk/Contents/Home"/>
    <property name="file.separator" value="/"/>
    <property name="basedir" value="/Users/gbuckholtz/git/dmnSpaceError/drools-project"/>
    <property name="java.vm.compressedOopsMode" value="Zero based"/>
    <property name="line.separator" value="&#10;"/>
    <property name="java.vm.specification.vendor" value="Oracle Corporation"/>
    <property name="java.specification.name" value="Java Platform API Specification"/>
    <property name="apple.awt.application.name" value="ForkedBooter"/>
    <property name="surefire.real.class.path" value="/Users/gbuckholtz/git/dmnSpaceError/drools-project/target/surefire/surefirebooter-20240123121556316_3.jar"/>
    <property name="sun.management.compiler" value="HotSpot 64-Bit Tiered Compilers"/>
    <property name="ftp.nonProxyHosts" value="local|*.local|169.254/16|*.169.254/16"/>
    <property name="java.runtime.version" value="21.0.1"/>
    <property name="user.name" value="gbuckholtz"/>
    <property name="stdout.encoding" value="UTF-8"/>
    <property name="path.separator" value=":"/>
    <property name="os.version" value="14.1.1"/>
    <property name="java.runtime.name" value="OpenJDK Runtime Environment"/>
    <property name="file.encoding" value="UTF-8"/>
    <property name="java.vm.name" value="OpenJDK 64-Bit Server VM"/>
    <property name="java.vendor.version" value="Homebrew"/>
    <property name="localRepository" value="/Users/gbuckholtz/.m2/repository"/>
    <property name="java.vendor.url.bug" value="https://github.com/Homebrew/homebrew-core/issues"/>
    <property name="java.io.tmpdir" value="/var/folders/v9/0vqxz57x01bczhzmwz9fdys40000gn/T/"/>
    <property name="java.version" value="21.0.1"/>
    <property name="user.dir" value="/Users/gbuckholtz/git/dmnSpaceError/drools-project"/>
    <property name="os.arch" value="x86_64"/>
    <property name="java.vm.specification.name" value="Java Virtual Machine Specification"/>
    <property name="native.encoding" value="UTF-8"/>
    <property name="java.library.path" value="/Users/gbuckholtz/Library/Java/Extensions:/Library/Java/Extensions:/Network/Library/Java/Extensions:/System/Library/Java/Extensions:/usr/lib/java:."/>
    <property name="java.vm.info" value="mixed mode, sharing"/>
    <property name="stderr.encoding" value="UTF-8"/>
    <property name="java.vendor" value="Homebrew"/>
    <property name="java.vm.version" value="21.0.1"/>
    <property name="sun.io.unicode.encoding" value="UnicodeBig"/>
    <property name="socksNonProxyHosts" value="local|*.local|169.254/16|*.169.254/16"/>
    <property name="java.class.version" value="65.0"/>
  </properties>
  <testcase name="FieldWithSpaces" classname="drools.project.RuleTest" time="1.94">
    <error message="Cannot invoke &quot;java.math.BigDecimal.intValue()&quot; because &quot;withSpacesDec&quot; is null" type="java.lang.NullPointerException"><![CDATA[java.lang.NullPointerException: Cannot invoke "java.math.BigDecimal.intValue()" because "withSpacesDec" is null
	at drools.project.RuleTest.FieldWithSpaces(RuleTest.java:118)
	at java.base/jdk.internal.reflect.DirectMethodHandleAccessor.invoke(DirectMethodHandleAccessor.java:103)
	at java.base/java.lang.reflect.Method.invoke(Method.java:580)
	at org.junit.runners.model.FrameworkMethod$1.runReflectiveCall(FrameworkMethod.java:59)
	at org.junit.internal.runners.model.ReflectiveCallable.run(ReflectiveCallable.java:12)
	at org.junit.runners.model.FrameworkMethod.invokeExplosively(FrameworkMethod.java:56)
	at org.junit.internal.runners.statements.InvokeMethod.evaluate(InvokeMethod.java:17)
	at org.junit.runners.ParentRunner$3.evaluate(ParentRunner.java:306)
	at org.junit.runners.BlockJUnit4ClassRunner$1.evaluate(BlockJUnit4ClassRunner.java:100)
	at org.junit.runners.ParentRunner.runLeaf(ParentRunner.java:366)
	at org.junit.runners.BlockJUnit4ClassRunner.runChild(BlockJUnit4ClassRunner.java:103)
	at org.junit.runners.BlockJUnit4ClassRunner.runChild(BlockJUnit4ClassRunner.java:63)
	at org.junit.runners.ParentRunner$4.run(ParentRunner.java:331)
	at org.junit.runners.ParentRunner$1.schedule(ParentRunner.java:79)
	at org.junit.runners.ParentRunner.runChildren(ParentRunner.java:329)
	at org.junit.runners.ParentRunner.access$100(ParentRunner.java:66)
	at org.junit.runners.ParentRunner$2.evaluate(ParentRunner.java:293)
	at org.junit.runners.ParentRunner$3.evaluate(ParentRunner.java:306)
	at org.junit.runners.ParentRunner.run(ParentRunner.java:413)
	at org.apache.maven.surefire.junit4.JUnit4Provider.execute(JUnit4Provider.java:316)
	at org.apache.maven.surefire.junit4.JUnit4Provider.executeWithRerun(JUnit4Provider.java:240)
	at org.apache.maven.surefire.junit4.JUnit4Provider.executeTestSet(JUnit4Provider.java:214)
	at org.apache.maven.surefire.junit4.JUnit4Provider.invoke(JUnit4Provider.java:155)
	at org.apache.maven.surefire.booter.ForkedBooter.runSuitesInProcess(ForkedBooter.java:385)
	at org.apache.maven.surefire.booter.ForkedBooter.execute(ForkedBooter.java:162)
	at org.apache.maven.surefire.booter.ForkedBooter.run(ForkedBooter.java:507)
	at org.apache.maven.surefire.booter.ForkedBooter.main(ForkedBooter.java:495)
]]></error>
    <system-out><![CDATA[12:15:57.207 [main] INFO org.drools.compiler.kie.builder.impl.ClasspathKieProject - Found kmodule: file:/Users/gbuckholtz/git/dmnSpaceError/drools-project/target/classes/META-INF/kmodule.xml
12:15:57.211 [main] DEBUG org.drools.compiler.kie.builder.impl.ClasspathKieProject - KieModule URL type=file url=/Users/gbuckholtz/git/dmnSpaceError/drools-project/target/classes
12:15:57.728 [main] WARN org.drools.compiler.kie.builder.impl.ClasspathKieProject - Unable to find pom.properties in /Users/gbuckholtz/git/dmnSpaceError/drools-project/target/classes
12:15:57.738 [main] INFO org.drools.compiler.kie.builder.impl.ClasspathKieProject - Recursed up folders, found and used pom.xml /Users/gbuckholtz/git/dmnSpaceError/drools-project/pom.xml
12:15:57.752 [main] INFO org.drools.compiler.kie.builder.impl.InternalKieModuleProvider - Creating KieModule for artifact com.droolstest:drools-project:1.0-SNAPSHOT
12:15:57.762 [main] INFO org.drools.modelcompiler.CanonicalKieModuleProvider - Artifact com.droolstest:drools-project:1.0-SNAPSHOT has executable model
12:15:57.763 [main] DEBUG org.drools.compiler.kie.builder.impl.ClasspathKieProject - Discovered classpath module com.droolstest:drools-project:1.0-SNAPSHOT
12:15:57.765 [main] DEBUG org.drools.compiler.kie.builder.impl.KieRepositoryImpl - KieModule was added: org.drools.modelcompiler.CanonicalKieModule@6853425f
12:15:57.973 [main] DEBUG org.drools.compiler.compiler.JavaDialectConfiguration - Selected compiler ECLIPSE [drools.dialect.java.compiler:null, hasEclipseCompiler:true]
12:15:57.975 [main] DEBUG org.drools.compiler.compiler.JavaDialectConfiguration - Selected compiler ECLIPSE [drools.dialect.java.compiler:null, hasEclipseCompiler:true]
12:15:58.005 [main] DEBUG org.drools.compiler.compiler.JavaDialectConfiguration - Selected compiler ECLIPSE [drools.dialect.java.compiler:null, hasEclipseCompiler:true]
12:15:58.006 [main] DEBUG org.drools.compiler.compiler.JavaDialectConfiguration - Selected compiler ECLIPSE [drools.dialect.java.compiler:null, hasEclipseCompiler:true]
12:15:58.006 [main] DEBUG org.drools.compiler.compiler.JavaDialectConfiguration - Selected compiler ECLIPSE [drools.dialect.java.compiler:null, hasEclipseCompiler:true]
12:15:58.121 [main] DEBUG org.kie.dmn.core.compiler.DMNEvaluatorCompiler - default DMNEvaluatorCompiler.
12:15:58.184 [main] DEBUG org.kie.dmn.backend.marshalling.v1_2.xstream.DiagramElementExtensionConverter - Tried to convert the extension element child ComponentsWidthsExtension, but no converter is registered for this child.
12:15:58.660 [main] INFO drools.project.RuleTest - Creating kieBase
12:15:58.663 [main] INFO org.drools.compiler.kie.builder.impl.KieContainerImpl - Start creation of KieBase: defaultKieBase
12:15:58.766 [main] INFO org.drools.compiler.kie.builder.impl.KieContainerImpl - End creation of KieBase: defaultKieBase
12:15:58.766 [main] INFO drools.project.RuleTest - There should be rules: 
12:15:58.766 [main] INFO drools.project.RuleTest - Creating kieSession
12:15:58.809 [main] DEBUG org.kie.dmn.core.impl.DMNRuntimeKBWrappingIKB - {}
12:15:58.853 [main] ERROR org.kie.dmn.core.ast.DMNLiteralExpressionEvaluator - FEEL ERROR while evaluating literal expression 'count(ComplexObject.Airplane List)': The parameter 'list', in function count(), cannot be null.
DMN: FEEL ERROR while evaluating literal expression 'count(ComplexObject.Airplane List)': The parameter 'list', in function count(), cannot be null. (DMN id: _EF85B5E8-E056-47E1-9CE9-CA6D21F9B7D4, FEEL expression evaluation error) 
]]></system-out>
  </testcase>
</testsuite>